Arguments: 
  /usr/local/bin/node /usr/local/bin/yarn add -D @vuepress/plugin-blog

PATH: 
  /Applications/workbench/bin_macosx64:/Users/lp637/opt/anaconda3/bin:/usr/local/bin:/usr/bin:/bin:/usr/sbin:/sbin:/Library/TeX/texbin:/opt/X11/bin

Yarn version: 
  1.22.4

Node version: 
  12.18.0

Platform: 
  darwin x64

Trace: 
  SyntaxError: /Users/lp637/Documents/Programming_local/King-of-Infinite-Space.github.io/package.json: Unexpected string in JSON at position 86
      at JSON.parse (<anonymous>)
      at /usr/local/lib/node_modules/yarn/lib/cli.js:1625:59
      at Generator.next (<anonymous>)
      at step (/usr/local/lib/node_modules/yarn/lib/cli.js:310:30)
      at /usr/local/lib/node_modules/yarn/lib/cli.js:321:13

npm manifest: 
  {
    "dependencies": {
      "@octokit/rest": "^18.0.0",
      "@vuepress/blog-plugin"
      "@vssue/api-github-v4": "^1.4.0",
      "@vssue/vuepress-plugin-vssue": "^1.4.2",
      "feed": "^4.2.1",
      "markdown-it-katex": "^2.0.3",
      "markdown-it-task-checkbox": "^1.0.6",
      "markdown-to-txt": "^1.0.1",
      "medium-zoom": "^1.0.5",
      "uslug": "^1.0.4",
      "vue-class-component": "^7.2.3",
      "vue-router": "3.4.5"
    },
    "devDependencies": {
      "@actions/github": "^2.1.0",
      "cross-env": "6.0.0",
      "shelljs": "^0.8.3",
      "simple-git": "^1.131.0"
    },
    "scripts": {
      "dev": "vuepress dev ./src",
      "build": "vuepress build ./src --dest ./dist",
      "local": "cross-env NODE_ENV=local node --unhandled-rejections=strict ./tools/run.js",
      "action": "cross-env NODE_ENV=action node --unhandled-rejections=strict ./tools/run.js",
      "push": "cross-env NODE_ENV=local node ./tools/deploy.js",
      "deploy": "cross-env NODE_ENV=action node ./tools/deploy.js",
      "test-env": "cross-env custom={\\\"base\\\":\\\"/\\\"} vuepress dev ./src"
    }
  }

yarn manifest: 
  No manifest

Lockfile: 
  # THIS IS AN AUTOGENERATED FILE. DO NOT EDIT THIS FILE DIRECTLY.
  # yarn lockfile v1
  
  
  "@actions/github@^2.1.0":
    version "2.2.0"
    resolved "https://registry.yarnpkg.com/@actions/github/-/github-2.2.0.tgz#8952fe96b12b881fa39340f0e7202b04dc5c3e71"
    integrity sha512-9UAZqn8ywdR70n3GwVle4N8ALosQs4z50N7XMXrSTUVOmVpaBC5kE3TRTT7qQdi3OaQV24mjGuJZsHUmhD+ZXw==
    dependencies:
      "@actions/http-client" "^1.0.3"
      "@octokit/graphql" "^4.3.1"
      "@octokit/rest" "^16.43.1"
  
  "@actions/http-client@^1.0.3":
    version "1.0.8"
    resolved "https://registry.yarnpkg.com/@actions/http-client/-/http-client-1.0.8.tgz#8bd76e8eca89dc8bcf619aa128eba85f7a39af45"
    integrity sha512-G4JjJ6f9Hb3Zvejj+ewLLKLf99ZC+9v+yCxoYf9vSyH+WkzPLB2LuUtRMGNkooMqdugGBFStIKXOuvH1W+EctA==
    dependencies:
      tunnel "0.0.6"
  
  "@octokit/auth-token@^2.4.0":
    version "2.4.1"
    resolved "https://registry.yarnpkg.com/@octokit/auth-token/-/auth-token-2.4.1.tgz#375d79eebd03750e6a9b0299e80b8167c7c85655"
    integrity sha512-NB81O5h39KfHYGtgfWr2booRxp2bWOJoqbWwbyUg2hw6h35ArWYlAST5B3XwAkbdcx13yt84hFXyFP5X0QToWA==
    dependencies:
      "@octokit/types" "^4.0.1"
  
  "@octokit/core@^3.0.0":
    version "3.0.0"
    resolved "https://registry.yarnpkg.com/@octokit/core/-/core-3.0.0.tgz#4b7bf2a9e744a49abcbb3aca7b4dfc219513e4f9"
    integrity sha512-FGUUqZbIwl5UPvuUTWq8ly2B12gJGWjYh1DviBzZLXp5LzHUgyzL+NDGsXeE4vszXoGsD/JfpZS+kjkLiD2T9w==
    dependencies:
      "@octokit/auth-token" "^2.4.0"
      "@octokit/graphql" "^4.3.1"
      "@octokit/request" "^5.4.0"
      "@octokit/types" "^5.0.0"
      before-after-hook "^2.1.0"
      universal-user-agent "^5.0.0"
  
  "@octokit/endpoint@^6.0.1":
    version "6.0.2"
    resolved "https://registry.yarnpkg.com/@octokit/endpoint/-/endpoint-6.0.2.tgz#e876aafe68d7f9b6c6d80bf29458403f9afe7b2b"
    integrity sha512-xs1mmCEZ2y4shXCpFjNq3UbmNR+bLzxtZim2L0zfEtj9R6O6kc4qLDvYw66hvO6lUsYzPTM5hMkltbuNAbRAcQ==
    dependencies:
      "@octokit/types" "^4.0.1"
      is-plain-object "^3.0.0"
      universal-user-agent "^5.0.0"
  
  "@octokit/graphql@^4.3.1":
    version "4.5.0"
    resolved "https://registry.yarnpkg.com/@octokit/graphql/-/graphql-4.5.0.tgz#e111f841bc15722b1e9887f447fccab700cacdad"
    integrity sha512-StJWfn0M1QfhL3NKBz31e1TdDNZrHLLS57J2hin92SIfzlOVBuUaRkp31AGkGOAFOAVtyEX6ZiZcsjcJDjeb5g==
    dependencies:
      "@octokit/request" "^5.3.0"
      "@octokit/types" "^4.0.1"
      universal-user-agent "^5.0.0"
  
  "@octokit/plugin-paginate-rest@^1.1.1":
    version "1.1.2"
    resolved "https://registry.yarnpkg.com/@octokit/plugin-paginate-rest/-/plugin-paginate-rest-1.1.2.tgz#004170acf8c2be535aba26727867d692f7b488fc"
    integrity sha512-jbsSoi5Q1pj63sC16XIUboklNw+8tL9VOnJsWycWYR78TKss5PVpIPb1TUUcMQ+bBh7cY579cVAWmf5qG+dw+Q==
    dependencies:
      "@octokit/types" "^2.0.1"
  
  "@octokit/plugin-paginate-rest@^2.2.0":
    version "2.2.2"
    resolved "https://registry.yarnpkg.com/@octokit/plugin-paginate-rest/-/plugin-paginate-rest-2.2.2.tgz#d78f6ff2f188753ff217e51e3415a997cd6abce8"
    integrity sha512-3OO/SjB5BChRTVRRQcZzpL0ZGcDGEB2dBzNhfqVqqMs6WDwo7cYW8cDwxqW8+VvA78mDK/abXgR/UrYg4HqrQg==
    dependencies:
      "@octokit/types" "^5.0.0"
  
  "@octokit/plugin-request-log@^1.0.0":
    version "1.0.0"
    resolved "https://registry.yarnpkg.com/@octokit/plugin-request-log/-/plugin-request-log-1.0.0.tgz#eef87a431300f6148c39a7f75f8cfeb218b2547e"
    integrity sha512-ywoxP68aOT3zHCLgWZgwUJatiENeHE7xJzYjfz8WI0goynp96wETBF+d95b8g/uL4QmS6owPVlaxiz3wyMAzcw==
  
  "@octokit/plugin-rest-endpoint-methods@2.4.0":
    version "2.4.0"
    resolved "https://registry.yarnpkg.com/@octokit/plugin-rest-endpoint-methods/-/plugin-rest-endpoint-methods-2.4.0.tgz#3288ecf5481f68c494dd0602fc15407a59faf61e"
    integrity sha512-EZi/AWhtkdfAYi01obpX0DF7U6b1VRr30QNQ5xSFPITMdLSfhcBqjamE3F+sKcxPbD7eZuMHu3Qkk2V+JGxBDQ==
    dependencies:
      "@octokit/types" "^2.0.1"
      deprecation "^2.3.1"
  
  "@octokit/plugin-rest-endpoint-methods@4.0.0":
    version "4.0.0"
    resolved "https://registry.yarnpkg.com/@octokit/plugin-rest-endpoint-methods/-/plugin-rest-endpoint-methods-4.0.0.tgz#b02a2006dda8e908c3f8ab381dd5475ef5a810a8"
    integrity sha512-emS6gysz4E9BNi9IrCl7Pm4kR+Az3MmVB0/DoDCmF4U48NbYG3weKyDlgkrz6Jbl4Mu4nDx8YWZwC4HjoTdcCA==
    dependencies:
      "@octokit/types" "^5.0.0"
      deprecation "^2.3.1"
  
  "@octokit/request-error@^1.0.2":
    version "1.2.1"
    resolved "https://registry.yarnpkg.com/@octokit/request-error/-/request-error-1.2.1.tgz#ede0714c773f32347576c25649dc013ae6b31801"
    integrity sha512-+6yDyk1EES6WK+l3viRDElw96MvwfJxCt45GvmjDUKWjYIb3PJZQkq3i46TwGwoPD4h8NmTrENmtyA1FwbmhRA==
    dependencies:
      "@octokit/types" "^2.0.0"
      deprecation "^2.0.0"
      once "^1.4.0"
  
  "@octokit/request-error@^2.0.0":
    version "2.0.1"
    resolved "https://registry.yarnpkg.com/@octokit/request-error/-/request-error-2.0.1.tgz#49bd71e811daffd5bdd06ef514ca47b5039682d1"
    integrity sha512-5lqBDJ9/TOehK82VvomQ6zFiZjPeSom8fLkFVLuYL3sKiIb5RB8iN/lenLkY7oBmyQcGP7FBMGiIZTO8jufaRQ==
    dependencies:
      "@octokit/types" "^4.0.1"
      deprecation "^2.0.0"
      once "^1.4.0"
  
  "@octokit/request@^5.2.0", "@octokit/request@^5.3.0":
    version "5.4.4"
    resolved "https://registry.yarnpkg.com/@octokit/request/-/request-5.4.4.tgz#dc57e85e86284fa016d0c1a2701a70a10cec4ff2"
    integrity sha512-vqv1lz41c6VTxUvF9nM+a6U+vvP3vGk7drDpr0DVQg4zyqlOiKVrY17DLD6de5okj+YLHKcoqaUZTBtlNZ1BtQ==
    dependencies:
      "@octokit/endpoint" "^6.0.1"
      "@octokit/request-error" "^2.0.0"
      "@octokit/types" "^4.0.1"
      deprecation "^2.0.0"
      is-plain-object "^3.0.0"
      node-fetch "^2.3.0"
      once "^1.4.0"
      universal-user-agent "^5.0.0"
  
  "@octokit/request@^5.4.0":
    version "5.4.5"
    resolved "https://registry.yarnpkg.com/@octokit/request/-/request-5.4.5.tgz#8df65bd812047521f7e9db6ff118c06ba84ac10b"
    integrity sha512-atAs5GAGbZedvJXXdjtKljin+e2SltEs48B3naJjqWupYl2IUBbB/CJisyjbNHcKpHzb3E+OYEZ46G8eakXgQg==
    dependencies:
      "@octokit/endpoint" "^6.0.1"
      "@octokit/request-error" "^2.0.0"
      "@octokit/types" "^5.0.0"
      deprecation "^2.0.0"
      is-plain-object "^3.0.0"
      node-fetch "^2.3.0"
      once "^1.4.0"
      universal-user-agent "^5.0.0"
  
  "@octokit/rest@^16.43.1":
    version "16.43.1"
    resolved "https://registry.yarnpkg.com/@octokit/rest/-/rest-16.43.1.tgz#3b11e7d1b1ac2bbeeb23b08a17df0b20947eda6b"
    integrity sha512-gfFKwRT/wFxq5qlNjnW2dh+qh74XgTQ2B179UX5K1HYCluioWj8Ndbgqw2PVqa1NnVJkGHp2ovMpVn/DImlmkw==
    dependencies:
      "@octokit/auth-token" "^2.4.0"
      "@octokit/plugin-paginate-rest" "^1.1.1"
      "@octokit/plugin-request-log" "^1.0.0"
      "@octokit/plugin-rest-endpoint-methods" "2.4.0"
      "@octokit/request" "^5.2.0"
      "@octokit/request-error" "^1.0.2"
      atob-lite "^2.0.0"
      before-after-hook "^2.0.0"
      btoa-lite "^1.0.0"
      deprecation "^2.0.0"
      lodash.get "^4.4.2"
      lodash.set "^4.3.2"
      lodash.uniq "^4.5.0"
      octokit-pagination-methods "^1.1.0"
      once "^1.4.0"
      universal-user-agent "^4.0.0"
  
  "@octokit/rest@^18.0.0":
    version "18.0.0"
    resolved "https://registry.yarnpkg.com/@octokit/rest/-/rest-18.0.0.tgz#7f401d9ce13530ad743dfd519ae62ce49bcc0358"
    integrity sha512-4G/a42lry9NFGuuECnua1R1eoKkdBYJap97jYbWDNYBOUboWcM75GJ1VIcfvwDV/pW0lMPs7CEmhHoVrSV5shg==
    dependencies:
      "@octokit/core" "^3.0.0"
      "@octokit/plugin-paginate-rest" "^2.2.0"
      "@octokit/plugin-request-log" "^1.0.0"
      "@octokit/plugin-rest-endpoint-methods" "4.0.0"
  
  "@octokit/types@^2.0.0", "@octokit/types@^2.0.1":
    version "2.16.2"
    resolved "https://registry.yarnpkg.com/@octokit/types/-/types-2.16.2.tgz#4c5f8da3c6fecf3da1811aef678fda03edac35d2"
    integrity sha512-O75k56TYvJ8WpAakWwYRN8Bgu60KrmX0z1KqFp1kNiFNkgW+JW+9EBKZ+S33PU6SLvbihqd+3drvPxKK68Ee8Q==
    dependencies:
      "@types/node" ">= 8"
  
  "@octokit/types@^4.0.1":
    version "4.1.9"
    resolved "https://registry.yarnpkg.com/@octokit/types/-/types-4.1.9.tgz#a3e1ff1a15637ab830fbab0268c2d7ca824bc969"
    integrity sha512-hinM/BA2c1vebN2HSR3JtVdYtrSbmvn/doUBZXXuQuh/9o60hYwitQQAGTpJu+k6pjtjURskDHQxUFvqLvYCeA==
    dependencies:
      "@types/node" ">= 8"
  
  "@octokit/types@^5.0.0":
    version "5.0.0"
    resolved "https://registry.yarnpkg.com/@octokit/types/-/types-5.0.0.tgz#cbdf3c060f6c0436c004ec402c5082c32de72511"
    integrity sha512-3LVS+MbeqwSd5G4KS8123cZz+hWomsiGeMnQ/QJIBFDwL/YHX8kkr0FZXrgWEMO7Fgi2/VOrhbiFnk9sZ+s4qA==
    dependencies:
      "@types/node" ">= 8"
  
  "@types/node@>= 8":
    version "14.0.11"
    resolved "https://registry.yarnpkg.com/@types/node/-/node-14.0.11.tgz#61d4886e2424da73b7b25547f59fdcb534c165a3"
    integrity sha512-lCvvI24L21ZVeIiyIUHZ5Oflv1hhHQ5E1S25IRlKIXaRkVgmXpJMI3wUJkmym2bTbCe+WoIibQnMVAU3FguaOg==
  
  "@vssue/api-github-v4@^1.4.0":
    version "1.4.0"
    resolved "https://registry.yarnpkg.com/@vssue/api-github-v4/-/api-github-v4-1.4.0.tgz#30defd2220ff50e5ed4c50159e42eba52b004748"
    integrity sha512-AdMYX62zXolvbJl0YoLjMQfoyIaK+pso2TVb34L+tjqfxgfubRm6mE/pWU7cKLiWMn6IaiS0LotC2O4y/omqDQ==
    dependencies:
      "@vssue/utils" "^1.4.0"
      axios "^0.18.1"
  
  "@vssue/utils@^1.4.0":
    version "1.4.0"
    resolved "https://registry.yarnpkg.com/@vssue/utils/-/utils-1.4.0.tgz#3cc2fd8492a3409e343289981e2209b6ca2f8313"
    integrity sha512-3d9WCYNurdFKApFzU8i7YD1GCGhunEVYnwSJxwQ2rDmEdpLneAYNJWg9+QS6bqzB+Pw7ymtwLf/Sqti9+xUGqA==
    dependencies:
      date-fns "^1.29.0"
      qs "^6.6.0"
  
  "@vssue/vuepress-plugin-vssue@^1.4.2":
    version "1.4.6"
    resolved "https://registry.yarnpkg.com/@vssue/vuepress-plugin-vssue/-/vuepress-plugin-vssue-1.4.6.tgz#0a231095f58b29bbd64c9ea964fa73add909ccfd"
    integrity sha512-oP63mMvue54ASrfMJVTpmT74is4eU2OeAqDqSOLYUytpqgba2AKPXnq6xhY8fua/+hxpttq0pOVajF6GL4WTgg==
    dependencies:
      vssue "^1.4.6"
  
  atob-lite@^2.0.0:
    version "2.0.0"
    resolved "https://registry.yarnpkg.com/atob-lite/-/atob-lite-2.0.0.tgz#0fef5ad46f1bd7a8502c65727f0367d5ee43d696"
    integrity sha1-D+9a1G8b16hQLGVyfwNn1e5D1pY=
  
  axios@^0.18.1:
    version "0.18.1"
    resolved "https://registry.yarnpkg.com/axios/-/axios-0.18.1.tgz#ff3f0de2e7b5d180e757ad98000f1081b87bcea3"
    integrity sha512-0BfJq4NSfQXd+SkFdrvFbG7addhYSBA2mQwISr46pD6E5iqkWg02RAs8vyTT/j0RTnoYmeXauBuSv1qKwR179g==
    dependencies:
      follow-redirects "1.5.10"
      is-buffer "^2.0.2"
  
  balanced-match@^1.0.0:
    version "1.0.0"
    resolved "https://registry.yarnpkg.com/balanced-match/-/balanced-match-1.0.0.tgz#89b4d199ab2bee49de164ea02b89ce462d71b767"
    integrity sha1-ibTRmasr7kneFk6gK4nORi1xt2c=
  
  before-after-hook@^2.0.0, before-after-hook@^2.1.0:
    version "2.1.0"
    resolved "https://registry.yarnpkg.com/before-after-hook/-/before-after-hook-2.1.0.tgz#b6c03487f44e24200dd30ca5e6a1979c5d2fb635"
    integrity sha512-IWIbu7pMqyw3EAJHzzHbWa85b6oud/yfKYg5rqB5hNE8CeMi3nX+2C2sj0HswfblST86hpVEOAb9x34NZd6P7A==
  
  brace-expansion@^1.1.7:
    version "1.1.11"
    resolved "https://registry.yarnpkg.com/brace-expansion/-/brace-expansion-1.1.11.tgz#3c7fcbf529d87226f3d2f52b966ff5271eb441dd"
    integrity sha512-iCuPHDFgrHX7H2vEI/5xpz07zSHB00TpugqhmYtVmMO6518mCuRMoOYFldEBl0g187ufozdaHgWKcYFb61qGiA==
    dependencies:
      balanced-match "^1.0.0"
      concat-map "0.0.1"
  
  btoa-lite@^1.0.0:
    version "1.0.0"
    resolved "https://registry.yarnpkg.com/btoa-lite/-/btoa-lite-1.0.0.tgz#337766da15801210fdd956c22e9c6891ab9d0337"
    integrity sha1-M3dm2hWAEhD92VbCLpxokaudAzc=
  
  concat-map@0.0.1:
    version "0.0.1"
    resolved "https://registry.yarnpkg.com/concat-map/-/concat-map-0.0.1.tgz#d8a96bd77fd68df7793a73036a3ba0d5405d477b"
    integrity sha1-2Klr13/Wjfd5OnMDajug1UBdR3s=
  
  cross-env@6.0.0:
    version "6.0.0"
    resolved "https://registry.yarnpkg.com/cross-env/-/cross-env-6.0.0.tgz#3c8e71440ea20aa6faaf5aec541235efc565dac6"
    integrity sha512-G/B6gtkjgthT8AP/xN1wdj5Xe18fVyk58JepK8GxpUbqcz3hyWxegocMbvnZK+KoTslwd0ACZ3woi/DVUdVjyQ==
    dependencies:
      cross-spawn "^7.0.0"
  
  cross-spawn@^6.0.0:
    version "6.0.5"
    resolved "https://registry.yarnpkg.com/cross-spawn/-/cross-spawn-6.0.5.tgz#4a5ec7c64dfae22c3a14124dbacdee846d80cbc4"
    integrity sha512-eTVLrBSt7fjbDygz805pMnstIs2VTBNkRm0qxZd+M7A5XDdxVRWO5MxGBXZhjY4cqLYLdtrGqRf8mBPmzwSpWQ==
    dependencies:
      nice-try "^1.0.4"
      path-key "^2.0.1"
      semver "^5.5.0"
      shebang-command "^1.2.0"
      which "^1.2.9"
  
  cross-spawn@^7.0.0:
    version "7.0.3"
    resolved "https://registry.yarnpkg.com/cross-spawn/-/cross-spawn-7.0.3.tgz#f73a85b9d5d41d045551c177e2882d4ac85728a6"
    integrity sha512-iRDPJKUPVEND7dHPO8rkbOnPpyDygcDFtWjpeWNCgy8WP2rXcxXL8TskReQl6OrB2G7+UJrags1q15Fudc7G6w==
    dependencies:
      path-key "^3.1.0"
      shebang-command "^2.0.0"
      which "^2.0.1"
  
  date-fns@^1.29.0:
    version "1.30.1"
    resolved "https://registry.yarnpkg.com/date-fns/-/date-fns-1.30.1.tgz#2e71bf0b119153dbb4cc4e88d9ea5acfb50dc05c"
    integrity sha512-hBSVCvSmWC+QypYObzwGOd9wqdDpOt+0wl0KbU+R+uuZBS1jN8VsD1ss3irQDknRj5NvxiTF6oj/nDRnN/UQNw==
  
  debug@=3.1.0:
    version "3.1.0"
    resolved "https://registry.yarnpkg.com/debug/-/debug-3.1.0.tgz#5bb5a0672628b64149566ba16819e61518c67261"
    integrity sha512-OX8XqP7/1a9cqkxYw2yXss15f26NKWBpDXQd0/uK/KPqdQhxbPa994hnzjcE2VqQpDslf55723cKPUOGSmMY3g==
    dependencies:
      ms "2.0.0"
  
  debug@^4.0.1:
    version "4.1.1"
    resolved "https://registry.yarnpkg.com/debug/-/debug-4.1.1.tgz#3b72260255109c6b589cee050f1d516139664791"
    integrity sha512-pYAIzeRo8J6KPEaJ0VWOh5Pzkbw/RetuzehGM7QRRX5he4fPHx2rdKMB256ehJCkX+XRQm16eZLqLNS8RSZXZw==
    dependencies:
      ms "^2.1.1"
  
  deprecation@^2.0.0, deprecation@^2.3.1:
    version "2.3.1"
    resolved "https://registry.yarnpkg.com/deprecation/-/deprecation-2.3.1.tgz#6368cbdb40abf3373b525ac87e4a260c3a700919"
    integrity sha512-xmHIy4F3scKVwMsQ4WnVaS8bHOx0DmVwRywosKhaILI0ywMDWPtBSku2HNxRvF7jtwDRsoEwYQSfbxj8b7RlJQ==
  
  end-of-stream@^1.1.0:
    version "1.4.4"
    resolved "https://registry.yarnpkg.com/end-of-stream/-/end-of-stream-1.4.4.tgz#5ae64a5f45057baf3626ec14da0ca5e4b2431eb0"
    integrity sha512-+uw1inIHVPQoaVuHzRyXd21icM+cnt4CzD5rW+NC1wjOUSTOs+Te7FOv7AhN7vS9x/oIyhLP5PR1H+phQAHu5Q==
    dependencies:
      once "^1.4.0"
  
  execa@^1.0.0:
    version "1.0.0"
    resolved "https://registry.yarnpkg.com/execa/-/execa-1.0.0.tgz#c6236a5bb4df6d6f15e88e7f017798216749ddd8"
    integrity sha512-adbxcyWV46qiHyvSp50TKt05tB4tK3HcmF7/nxfAdhnox83seTDbwnaqKO4sXRy7roHAIFqJP/Rw/AuEbX61LA==
    dependencies:
      cross-spawn "^6.0.0"
      get-stream "^4.0.0"
      is-stream "^1.1.0"
      npm-run-path "^2.0.0"
      p-finally "^1.0.0"
      signal-exit "^3.0.0"
      strip-eof "^1.0.0"
  
  feed@^4.2.1:
    version "4.2.1"
    resolved "https://registry.yarnpkg.com/feed/-/feed-4.2.1.tgz#b246ef891051c7dbf088ca203341d9fb0444baee"
    integrity sha512-l28KKcK1J/u3iq5dRDmmoB2p7dtBfACC2NqJh4dI2kFptxH0asfjmOfcxqh5Sv8suAlVa73gZJ4REY5RrafVvg==
    dependencies:
      xml-js "^1.6.11"
  
  follow-redirects@1.5.10:
    version "1.5.10"
    resolved "https://registry.yarnpkg.com/follow-redirects/-/follow-redirects-1.5.10.tgz#7b7a9f9aea2fdff36786a94ff643ed07f4ff5e2a"
    integrity sha512-0V5l4Cizzvqt5D44aTXbFZz+FtyXV1vrDN6qrelxtfYQKW0KO0W2T/hkE8xvGa/540LkZlkaUjO4ailYTFtHVQ==
    dependencies:
      debug "=3.1.0"
  
  fs.realpath@^1.0.0:
    version "1.0.0"
    resolved "https://registry.yarnpkg.com/fs.realpath/-/fs.realpath-1.0.0.tgz#1504ad2523158caa40db4a2787cb01411994ea4f"
    integrity sha1-FQStJSMVjKpA20onh8sBQRmU6k8=
  
  get-stream@^4.0.0:
    version "4.1.0"
    resolved "https://registry.yarnpkg.com/get-stream/-/get-stream-4.1.0.tgz#c1b255575f3dc21d59bfc79cd3d2b46b1c3a54b5"
    integrity sha512-GMat4EJ5161kIy2HevLlr4luNjBgvmj413KaQA7jt4V8B4RDsfpHk7WQ9GVqfYyyx8OS/L66Kox+rJRNklLK7w==
    dependencies:
      pump "^3.0.0"
  
  github-markdown-css@^3.0.1:
    version "3.0.1"
    resolved "https://registry.yarnpkg.com/github-markdown-css/-/github-markdown-css-3.0.1.tgz#d08db1060d2e182025e0d07d547cfe2afed30205"
    integrity sha512-9G5CIPsHoyk5ObDsb/H4KTi23J8KE1oDd4KYU51qwqeM+lKWAiO7abpSgCkyWswgmSKBiuE7/4f8xUz7f2qAiQ==
  
  glob@^7.0.0:
    version "7.1.6"
    resolved "https://registry.yarnpkg.com/glob/-/glob-7.1.6.tgz#141f33b81a7c2492e125594307480c46679278a6"
    integrity sha512-LwaxwyZ72Lk7vZINtNNrywX0ZuLyStrdDtabefZKAY5ZGJhVtgdznluResxNmPitE0SAO+O26sWTHeKSI2wMBA==
    dependencies:
      fs.realpath "^1.0.0"
      inflight "^1.0.4"
      inherits "2"
      minimatch "^3.0.4"
      once "^1.3.0"
      path-is-absolute "^1.0.0"
  
  inflight@^1.0.4:
    version "1.0.6"
    resolved "https://registry.yarnpkg.com/inflight/-/inflight-1.0.6.tgz#49bd6331d7d02d0c09bc910a1075ba8165b56df9"
    integrity sha1-Sb1jMdfQLQwJvJEKEHW6gWW1bfk=
    dependencies:
      once "^1.3.0"
      wrappy "1"
  
  inherits@2:
    version "2.0.4"
    resolved "https://registry.yarnpkg.com/inherits/-/inherits-2.0.4.tgz#0fa2c64f932917c3433a0ded55363aae37416b7c"
    integrity sha512-k/vGaX4/Yla3WzyMCvTQOXYeIHvqOKtnqBduzTHpzpQZzAskKMhZ2K+EnBiSM9zGSoIFeMpXKxa4dYeZIQqewQ==
  
  interpret@^1.0.0:
    version "1.4.0"
    resolved "https://registry.yarnpkg.com/interpret/-/interpret-1.4.0.tgz#665ab8bc4da27a774a40584e812e3e0fa45b1a1e"
    integrity sha512-agE4QfB2Lkp9uICn7BAqoscw4SZP9kTE2hxiFI3jBPmXJfdqiahTbUuKGsMoN2GtqL9AxhYioAcVvgsb1HvRbA==
  
  is-buffer@^2.0.2:
    version "2.0.4"
    resolved "https://registry.yarnpkg.com/is-buffer/-/is-buffer-2.0.4.tgz#3e572f23c8411a5cfd9557c849e3665e0b290623"
    integrity sha512-Kq1rokWXOPXWuaMAqZiJW4XxsmD9zGx9q4aePabbn3qCRGedtH7Cm+zV8WETitMfu1wdh+Rvd6w5egwSngUX2A==
  
  is-plain-object@^3.0.0:
    version "3.0.0"
    resolved "https://registry.yarnpkg.com/is-plain-object/-/is-plain-object-3.0.0.tgz#47bfc5da1b5d50d64110806c199359482e75a928"
    integrity sha512-tZIpofR+P05k8Aocp7UI/2UTa9lTJSebCXpFFoR9aibpokDj/uXBsJ8luUu0tTVYKkMU6URDUuOfJZ7koewXvg==
    dependencies:
      isobject "^4.0.0"
  
  is-stream@^1.1.0:
    version "1.1.0"
    resolved "https://registry.yarnpkg.com/is-stream/-/is-stream-1.1.0.tgz#12d4a3dd4e68e0b79ceb8dbc84173ae80d91ca44"
    integrity sha1-EtSj3U5o4Lec6428hBc66A2RykQ=
  
  isexe@^2.0.0:
    version "2.0.0"
    resolved "https://registry.yarnpkg.com/isexe/-/isexe-2.0.0.tgz#e8fbf374dc556ff8947a10dcb0572d633f2cfa10"
    integrity sha1-6PvzdNxVb/iUehDcsFctYz8s+hA=
  
  isobject@^4.0.0:
    version "4.0.0"
    resolved "https://registry.yarnpkg.com/isobject/-/isobject-4.0.0.tgz#3f1c9155e73b192022a80819bacd0343711697b0"
    integrity sha512-S/2fF5wH8SJA/kmwr6HYhK/RI/OkhD84k8ntalo0iJjZikgq1XFvR5M8NPT1x5F7fBwCG3qHfnzeP/Vh/ZxCUA==
  
  katex@^0.6.0:
    version "0.6.0"
    resolved "https://registry.yarnpkg.com/katex/-/katex-0.6.0.tgz#12418e09121c05c92041b6b3b9fb6bab213cb6f3"
    integrity sha1-EkGOCRIcBckgQbazuftrqyE8tvM=
    dependencies:
      match-at "^0.1.0"
  
  lodash.get@^4.4.2:
    version "4.4.2"
    resolved "https://registry.yarnpkg.com/lodash.get/-/lodash.get-4.4.2.tgz#2d177f652fa31e939b4438d5341499dfa3825e99"
    integrity sha1-LRd/ZS+jHpObRDjVNBSZ36OCXpk=
  
  lodash.set@^4.3.2:
    version "4.3.2"
    resolved "https://registry.yarnpkg.com/lodash.set/-/lodash.set-4.3.2.tgz#d8757b1da807dde24816b0d6a84bea1a76230b23"
    integrity sha1-2HV7HagH3eJIFrDWqEvqGnYjCyM=
  
  lodash.uniq@^4.5.0:
    version "4.5.0"
    resolved "https://registry.yarnpkg.com/lodash.uniq/-/lodash.uniq-4.5.0.tgz#d0225373aeb652adc1bc82e4945339a842754773"
    integrity sha1-0CJTc662Uq3BvILklFM5qEJ1R3M=
  
  macos-release@^2.2.0:
    version "2.3.0"
    resolved "https://registry.yarnpkg.com/macos-release/-/macos-release-2.3.0.tgz#eb1930b036c0800adebccd5f17bc4c12de8bb71f"
    integrity sha512-OHhSbtcviqMPt7yfw5ef5aghS2jzFVKEFyCJndQt2YpSQ9qRVSEv2axSJI1paVThEu+FFGs584h/1YhxjVqajA==
  
  markdown-it-katex@^2.0.3:
    version "2.0.3"
    resolved "https://registry.yarnpkg.com/markdown-it-katex/-/markdown-it-katex-2.0.3.tgz#d7b86a1aea0b9d6496fab4e7919a18fdef589c39"
    integrity sha1-17hqGuoLnWSW+rTnkZoY/e9YnDk=
    dependencies:
      katex "^0.6.0"
  
  markdown-it-task-checkbox@^1.0.6:
    version "1.0.6"
    resolved "https://registry.yarnpkg.com/markdown-it-task-checkbox/-/markdown-it-task-checkbox-1.0.6.tgz#9ebd7b6382e99162264605bc580f2ac118be4242"
    integrity sha512-7pxkHuvqTOu3iwVGmDPeYjQg+AIS9VQxzyLP9JCg9lBjgPAJXGEkChK6A2iFuj3tS0GV3HG2u5AMNhcQqwxpJw==
  
  markdown-to-txt@^1.0.1:
    version "1.0.1"
    resolved "https://registry.yarnpkg.com/markdown-to-txt/-/markdown-to-txt-1.0.1.tgz#f02528acaf77366d6f29569546de61acd74ba2b7"
    integrity sha512-PACe8GiGnJ5Nf/bkE+NWIMK36qRAGW6JP9mHLeiL6BBoUA51EqEmtJd9VEI0lGl74JYUUSoKHqX0FQV4ivo1nA==
    dependencies:
      marked "^0.6.2"
  
  marked@^0.6.2:
    version "0.6.3"
    resolved "https://registry.yarnpkg.com/marked/-/marked-0.6.3.tgz#79babad78af638ba4d522a9e715cdfdd2429e946"
    integrity sha512-Fqa7eq+UaxfMriqzYLayfqAE40WN03jf+zHjT18/uXNuzjq3TY0XTbrAoPeqSJrAmPz11VuUA+kBPYOhHt9oOQ==
  
  match-at@^0.1.0:
    version "0.1.1"
    resolved "https://registry.yarnpkg.com/match-at/-/match-at-0.1.1.tgz#25d040d291777704d5e6556bbb79230ec2de0540"
    integrity sha512-h4Yd392z9mST+dzc+yjuybOGFNOZjmXIPKWjxBd1Bb23r4SmDOsk2NYCU2BMUBGbSpZqwVsZYNq26QS3xfaT3Q==
  
  medium-zoom@^1.0.5:
    version "1.0.5"
    resolved "https://registry.yarnpkg.com/medium-zoom/-/medium-zoom-1.0.5.tgz#81413dda20ccdd857141ff420cfab788dd32e20e"
    integrity sha512-aLGa6WlTuFKWvH88bqTrY5ztJMN+D0hd8UX6BYc4YSoPayppzETjZUcdVcksgaoQEMg4cZSmXPg846fTp2rjRQ==
  
  minimatch@^3.0.4:
    version "3.0.4"
    resolved "https://registry.yarnpkg.com/minimatch/-/minimatch-3.0.4.tgz#5166e286457f03306064be5497e8dbb0c3d32083"
    integrity sha512-yJHVQEhyqPLUTgt9B83PXu6W3rx4MvvHvSUvToogpwoGDOUQ+yDrR0HRot+yOCdCO7u4hX3pWft6kWBBcqh0UA==
    dependencies:
      brace-expansion "^1.1.7"
  
  ms@2.0.0:
    version "2.0.0"
    resolved "https://registry.yarnpkg.com/ms/-/ms-2.0.0.tgz#5608aeadfc00be6c2901df5f9861788de0d597c8"
    integrity sha1-VgiurfwAvmwpAd9fmGF4jeDVl8g=
  
  ms@^2.1.1:
    version "2.1.2"
    resolved "https://registry.yarnpkg.com/ms/-/ms-2.1.2.tgz#d09d1f357b443f493382a8eb3ccd183872ae6009"
    integrity sha512-sGkPx+VjMtmA6MX27oA4FBFELFCZZ4S4XqeGOXCv68tT+jb3vk/RyaKWP0PTKyWtmLSM0b+adUTEvbs1PEaH2w==
  
  nice-try@^1.0.4:
    version "1.0.5"
    resolved "https://registry.yarnpkg.com/nice-try/-/nice-try-1.0.5.tgz#a3378a7696ce7d223e88fc9b764bd7ef1089e366"
    integrity sha512-1nh45deeb5olNY7eX82BkPO7SSxR5SSYJiPTrTdFUVYwAl8CKMA5N9PjTYkHiRjisVcxcQ1HXdLhx2qxxJzLNQ==
  
  node-fetch@^2.3.0:
    version "2.6.0"
    resolved "https://registry.yarnpkg.com/node-fetch/-/node-fetch-2.6.0.tgz#e633456386d4aa55863f676a7ab0daa8fdecb0fd"
    integrity sha512-8dG4H5ujfvFiqDmVu9fQ5bOHUC15JMjMY/Zumv26oOvvVJjM67KF8koCWIabKQ1GJIa9r2mMZscBq/TbdOcmNA==
  
  npm-run-path@^2.0.0:
    version "2.0.2"
    resolved "https://registry.yarnpkg.com/npm-run-path/-/npm-run-path-2.0.2.tgz#35a9232dfa35d7067b4cb2ddf2357b1871536c5f"
    integrity sha1-NakjLfo11wZ7TLLd8jV7GHFTbF8=
    dependencies:
      path-key "^2.0.0"
  
  octokit-pagination-methods@^1.1.0:
    version "1.1.0"
    resolved "https://registry.yarnpkg.com/octokit-pagination-methods/-/octokit-pagination-methods-1.1.0.tgz#cf472edc9d551055f9ef73f6e42b4dbb4c80bea4"
    integrity sha512-fZ4qZdQ2nxJvtcasX7Ghl+WlWS/d9IgnBIwFZXVNNZUmzpno91SX5bc5vuxiuKoCtK78XxGGNuSCrDC7xYB3OQ==
  
  once@^1.3.0, once@^1.3.1, once@^1.4.0:
    version "1.4.0"
    resolved "https://registry.yarnpkg.com/once/-/once-1.4.0.tgz#583b1aa775961d4b113ac17d9c50baef9dd76bd1"
    integrity sha1-WDsap3WWHUsROsF9nFC6753Xa9E=
    dependencies:
      wrappy "1"
  
  os-name@^3.1.0:
    version "3.1.0"
    resolved "https://registry.yarnpkg.com/os-name/-/os-name-3.1.0.tgz#dec19d966296e1cd62d701a5a66ee1ddeae70801"
    integrity sha512-h8L+8aNjNcMpo/mAIBPn5PXCM16iyPGjHNWo6U1YO8sJTMHtEtyczI6QJnLoplswm6goopQkqc7OAnjhWcugVg==
    dependencies:
      macos-release "^2.2.0"
      windows-release "^3.1.0"
  
  p-finally@^1.0.0:
    version "1.0.0"
    resolved "https://registry.yarnpkg.com/p-finally/-/p-finally-1.0.0.tgz#3fbcfb15b899a44123b34b6dcc18b724336a2cae"
    integrity sha1-P7z7FbiZpEEjs0ttzBi3JDNqLK4=
  
  path-is-absolute@^1.0.0:
    version "1.0.1"
    resolved "https://registry.yarnpkg.com/path-is-absolute/-/path-is-absolute-1.0.1.tgz#174b9268735534ffbc7ace6bf53a5a9e1b5c5f5f"
    integrity sha1-F0uSaHNVNP+8es5r9TpanhtcX18=
  
  path-key@^2.0.0, path-key@^2.0.1:
    version "2.0.1"
    resolved "https://registry.yarnpkg.com/path-key/-/path-key-2.0.1.tgz#411cadb574c5a140d3a4b1910d40d80cc9f40b40"
    integrity sha1-QRyttXTFoUDTpLGRDUDYDMn0C0A=
  
  path-key@^3.1.0:
    version "3.1.1"
    resolved "https://registry.yarnpkg.com/path-key/-/path-key-3.1.1.tgz#581f6ade658cbba65a0d3380de7753295054f375"
    integrity sha512-ojmeN0qd+y0jszEtoY48r0Peq5dwMEkIlCOu6Q5f41lfkswXuKtYrhgoTpLnyIcHm24Uhqx+5Tqm2InSwLhE6Q==
  
  path-parse@^1.0.6:
    version "1.0.6"
    resolved "https://registry.yarnpkg.com/path-parse/-/path-parse-1.0.6.tgz#d62dbb5679405d72c4737ec58600e9ddcf06d24c"
    integrity sha512-GSmOT2EbHrINBf9SR7CDELwlJ8AENk3Qn7OikK4nFYAu3Ote2+JYNVvkpAEQm3/TLNEJFD/xZJjzyxg3KBWOzw==
  
  pump@^3.0.0:
    version "3.0.0"
    resolved "https://registry.yarnpkg.com/pump/-/pump-3.0.0.tgz#b4a2116815bde2f4e1ea602354e8c75565107a64"
    integrity sha512-LwZy+p3SFs1Pytd/jYct4wpv49HiYCqd9Rlc5ZVdk0V+8Yzv6jR5Blk3TRmPL1ft69TxP0IMZGJ+WPFU2BFhww==
    dependencies:
      end-of-stream "^1.1.0"
      once "^1.3.1"
  
  qs@^6.6.0:
    version "6.9.4"
    resolved "https://registry.yarnpkg.com/qs/-/qs-6.9.4.tgz#9090b290d1f91728d3c22e54843ca44aea5ab687"
    integrity sha512-A1kFqHekCTM7cz0udomYUoYNWjBebHm/5wzU/XqrBRBNWectVH0QIiN+NEcZ0Dte5hvzHwbr8+XQmguPhJ6WdQ==
  
  rechoir@^0.6.2:
    version "0.6.2"
    resolved "https://registry.yarnpkg.com/rechoir/-/rechoir-0.6.2.tgz#85204b54dba82d5742e28c96756ef43af50e3384"
    integrity sha1-hSBLVNuoLVdC4oyWdW70OvUOM4Q=
    dependencies:
      resolve "^1.1.6"
  
  resolve@^1.1.6:
    version "1.17.0"
    resolved "https://registry.yarnpkg.com/resolve/-/resolve-1.17.0.tgz#b25941b54968231cc2d1bb76a79cb7f2c0bf8444"
    integrity sha512-ic+7JYiV8Vi2yzQGFWOkiZD5Z9z7O2Zhm9XMaTxdJExKasieFCr+yXZ/WmXsckHiKl12ar0y6XiXDx3m4RHn1w==
    dependencies:
      path-parse "^1.0.6"
  
  sax@^1.2.4:
    version "1.2.4"
    resolved "https://registry.yarnpkg.com/sax/-/sax-1.2.4.tgz#2816234e2378bddc4e5354fab5caa895df7100d9"
    integrity sha512-NqVDv9TpANUjFm0N8uM5GxL36UgKi9/atZw+x7YFnQ8ckwFGKrl4xX4yWtrey3UJm5nP1kUbnYgLopqWNSRhWw==
  
  semver@^5.5.0:
    version "5.7.1"
    resolved "https://registry.yarnpkg.com/semver/-/semver-5.7.1.tgz#a954f931aeba508d307bbf069eff0c01c96116f7"
    integrity sha512-sauaDf/PZdVgrLTNYHRtpXa1iRiKcaebiKQ1BJdpQlWH2lCvexQdX55snPFyK7QzpudqbCI0qXFfOasHdyNDGQ==
  
  shebang-command@^1.2.0:
    version "1.2.0"
    resolved "https://registry.yarnpkg.com/shebang-command/-/shebang-command-1.2.0.tgz#44aac65b695b03398968c39f363fee5deafdf1ea"
    integrity sha1-RKrGW2lbAzmJaMOfNj/uXer98eo=
    dependencies:
      shebang-regex "^1.0.0"
  
  shebang-command@^2.0.0:
    version "2.0.0"
    resolved "https://registry.yarnpkg.com/shebang-command/-/shebang-command-2.0.0.tgz#ccd0af4f8835fbdc265b82461aaf0c36663f34ea"
    integrity sha512-kHxr2zZpYtdmrN1qDjrrX/Z1rR1kG8Dx+gkpK1G4eXmvXswmcE1hTWBWYUzlraYw1/yZp6YuDY77YtvbN0dmDA==
    dependencies:
      shebang-regex "^3.0.0"
  
  shebang-regex@^1.0.0:
    version "1.0.0"
    resolved "https://registry.yarnpkg.com/shebang-regex/-/shebang-regex-1.0.0.tgz#da42f49740c0b42db2ca9728571cb190c98efea3"
    integrity sha1-2kL0l0DAtC2yypcoVxyxkMmO/qM=
  
  shebang-regex@^3.0.0:
    version "3.0.0"
    resolved "https://registry.yarnpkg.com/shebang-regex/-/shebang-regex-3.0.0.tgz#ae16f1644d873ecad843b0307b143362d4c42172"
    integrity sha512-7++dFhtcx3353uBaq8DDR4NuxBetBzC7ZQOhmTQInHEd6bSrXdiEyzCvG07Z44UYdLShWUyXt5M/yhz8ekcb1A==
  
  shelljs@^0.8.3:
    version "0.8.4"
    resolved "https://registry.yarnpkg.com/shelljs/-/shelljs-0.8.4.tgz#de7684feeb767f8716b326078a8a00875890e3c2"
    integrity sha512-7gk3UZ9kOfPLIAbslLzyWeGiEqx9e3rxwZM0KE6EL8GlGwjym9Mrlx5/p33bWTu9YG6vcS4MBxYZDHYr5lr8BQ==
    dependencies:
      glob "^7.0.0"
      interpret "^1.0.0"
      rechoir "^0.6.2"
  
  signal-exit@^3.0.0:
    version "3.0.3"
    resolved "https://registry.yarnpkg.com/signal-exit/-/signal-exit-3.0.3.tgz#a1410c2edd8f077b08b4e253c8eacfcaf057461c"
    integrity sha512-VUJ49FC8U1OxwZLxIbTTrDvLnf/6TDgxZcK8wxR8zs13xpx7xbG60ndBlhNrFi2EMuFRoeDoJO7wthSLq42EjA==
  
  simple-git@^1.131.0:
    version "1.132.0"
    resolved "https://registry.yarnpkg.com/simple-git/-/simple-git-1.132.0.tgz#53ac4c5ec9e74e37c2fd461e23309f22fcdf09b1"
    integrity sha512-xauHm1YqCTom1sC9eOjfq3/9RKiUA9iPnxBbrY2DdL8l4ADMu0jjM5l5lphQP5YWNqAL2aXC/OeuQ76vHtW5fg==
    dependencies:
      debug "^4.0.1"
  
  strip-eof@^1.0.0:
    version "1.0.0"
    resolved "https://registry.yarnpkg.com/strip-eof/-/strip-eof-1.0.0.tgz#bb43ff5598a6eb05d89b59fcd129c983313606bf"
    integrity sha1-u0P/VZim6wXYm1n80SnJgzE2Br8=
  
  tunnel@0.0.6:
    version "0.0.6"
    resolved "https://registry.yarnpkg.com/tunnel/-/tunnel-0.0.6.tgz#72f1314b34a5b192db012324df2cc587ca47f92c"
    integrity sha512-1h/Lnq9yajKY2PEbBadPXj3VxsDDu844OnaAo52UVmIzIvwwtBPIuNvkjuzBlTWpfJyUbG3ez0KSBibQkj4ojg==
  
  universal-user-agent@^4.0.0:
    version "4.0.1"
    resolved "https://registry.yarnpkg.com/universal-user-agent/-/universal-user-agent-4.0.1.tgz#fd8d6cb773a679a709e967ef8288a31fcc03e557"
    integrity sha512-LnST3ebHwVL2aNe4mejI9IQh2HfZ1RLo8Io2HugSif8ekzD1TlWpHpColOB/eh8JHMLkGH3Akqf040I+4ylNxg==
    dependencies:
      os-name "^3.1.0"
  
  universal-user-agent@^5.0.0:
    version "5.0.0"
    resolved "https://registry.yarnpkg.com/universal-user-agent/-/universal-user-agent-5.0.0.tgz#a3182aa758069bf0e79952570ca757de3579c1d9"
    integrity sha512-B5TPtzZleXyPrUMKCpEHFmVhMN6EhmJYjG5PQna9s7mXeSqGTLap4OpqLl5FCEFUI3UBmllkETwKf/db66Y54Q==
    dependencies:
      os-name "^3.1.0"
  
  "unorm@>= 1.0.0":
    version "1.6.0"
    resolved "https://registry.yarnpkg.com/unorm/-/unorm-1.6.0.tgz#029b289661fba714f1a9af439eb51d9b16c205af"
    integrity sha512-b2/KCUlYZUeA7JFUuRJZPUtr4gZvBh7tavtv4fvk4+KV9pfGiR6CQAQAWl49ZpR3ts2dk4FYkP7EIgDJoiOLDA==
  
  uslug@^1.0.4:
    version "1.0.4"
    resolved "https://registry.yarnpkg.com/uslug/-/uslug-1.0.4.tgz#b9a22f0914e0a86140633dacc302e5f4fa450677"
    integrity sha1-uaIvCRTgqGFAYz2swwLl9PpFBnc=
    dependencies:
      unorm ">= 1.0.0"
  
  vssue@^1.4.6:
    version "1.4.6"
    resolved "https://registry.yarnpkg.com/vssue/-/vssue-1.4.6.tgz#2ce16373907dc04bb92d6908224f0dd7239454f6"
    integrity sha512-s92qMIaI/9LzBQCUUaX0fpNlA3kRRGtm0hQxDN/YBziOB4NXTWgPvoimLreyjP75hRItHvVhKzkXiZ8bIMjy7A==
    dependencies:
      "@vssue/utils" "^1.4.0"
      github-markdown-css "^3.0.1"
      vue "^2.6.10"
      vue-i18n "^8.11.2"
      vue-property-decorator "^8.1.1"
  
  vue-class-component@^7.1.0, vue-class-component@^7.2.3:
    version "7.2.3"
    resolved "https://registry.yarnpkg.com/vue-class-component/-/vue-class-component-7.2.3.tgz#a5b1abd53513a72ad51098752e2dedd499807cca"
    integrity sha512-oEqYpXKaFN+TaXU+mRLEx8dX0ah85aAJEe61mpdoUrq0Bhe/6sWhyZX1JjMQLhVsHAkncyhedhmCdDVSasUtDw==
  
  vue-i18n@^8.11.2:
    version "8.18.1"
    resolved "https://registry.yarnpkg.com/vue-i18n/-/vue-i18n-8.18.1.tgz#2e683ac93a15617bdcd210f99359d6034e8425dd"
    integrity sha512-K+hFQJksF8Ph23pnhbwSyoQx+4Y1q/rh2o7GiXI/3rLCCrwanUbzudC8+trp0Mb8rn9y83DYF6RXNrMd+VsuCw==
  
  vue-property-decorator@^8.1.1:
    version "8.4.2"
    resolved "https://registry.yarnpkg.com/vue-property-decorator/-/vue-property-decorator-8.4.2.tgz#016e17f259f73bc547e77a50ce282ba18db4ee41"
    integrity sha512-IqbARlvgPE2pzKfbecKxsu2yEH0Wv7hfHR6m4eZA3LTnNw9hveAX77vDfLFyTeMISS5N7Kucp/xRSHjcQ6bAfQ==
    dependencies:
      vue-class-component "^7.1.0"
  
  vue-router@3.4.5:
    version "3.4.5"
    resolved "https://registry.yarnpkg.com/vue-router/-/vue-router-3.4.5.tgz#d396ec037b35931bdd1e9b7edd86f9788dc15175"
    integrity sha512-ioRY5QyDpXM9TDjOX6hX79gtaMXSVDDzSlbIlyAmbHNteIL81WIVB2e+jbzV23vzxtoV0krdS2XHm+GxFg+Nxg==
  
  vue@^2.6.10:
    version "2.6.11"
    resolved "https://registry.yarnpkg.com/vue/-/vue-2.6.11.tgz#76594d877d4b12234406e84e35275c6d514125c5"
    integrity sha512-VfPwgcGABbGAue9+sfrD4PuwFar7gPb1yl1UK1MwXoQPAw0BKSqWfoYCT/ThFrdEVWoI51dBuyCoiNU9bZDZxQ==
  
  which@^1.2.9:
    version "1.3.1"
    resolved "https://registry.yarnpkg.com/which/-/which-1.3.1.tgz#a45043d54f5805316da8d62f9f50918d3da70b0a"
    integrity sha512-HxJdYWq1MTIQbJ3nw0cqssHoTNU267KlrDuGZ1WYlxDStUtKUhOaJmh112/TZmHxxUfuJqPXSOm7tDyas0OSIQ==
    dependencies:
      isexe "^2.0.0"
  
  which@^2.0.1:
    version "2.0.2"
    resolved "https://registry.yarnpkg.com/which/-/which-2.0.2.tgz#7c6a8dd0a636a0327e10b59c9286eee93f3f51b1"
    integrity sha512-BLI3Tl1TW3Pvl70l3yq3Y64i+awpwXqsGBYWkkqMtnbXgrMD+yj7rhW0kuEDxzJaYXGjEW5ogapKNMEKNMjibA==
    dependencies:
      isexe "^2.0.0"
  
  windows-release@^3.1.0:
    version "3.3.0"
    resolved "https://registry.yarnpkg.com/windows-release/-/windows-release-3.3.0.tgz#dce167e9f8be733f21c849ebd4d03fe66b29b9f0"
    integrity sha512-2HetyTg1Y+R+rUgrKeUEhAG/ZuOmTrI1NBb3ZyAGQMYmOJjBBPe4MTodghRkmLJZHwkuPi02anbeGP+Zf401LQ==
    dependencies:
      execa "^1.0.0"
  
  wrappy@1:
    version "1.0.2"
    resolved "https://registry.yarnpkg.com/wrappy/-/wrappy-1.0.2.tgz#b5243d8f3ec1aa35f1364605bc0d1036e30ab69f"
    integrity sha1-tSQ9jz7BqjXxNkYFvA0QNuMKtp8=
  
  xml-js@^1.6.11:
    version "1.6.11"
    resolved "https://registry.yarnpkg.com/xml-js/-/xml-js-1.6.11.tgz#927d2f6947f7f1c19a316dd8eea3614e8b18f8e9"
    integrity sha512-7rVi2KMfwfWFl+GpPg6m80IVMWXLRjO+PxTq7V2CDhoGak0wzYzFgUY2m4XJ47OGdXd8eLE8EmwfAmdjw7lC1g==
    dependencies:
      sax "^1.2.4"
